This is pdfTeX, Version 3.141592653-2.6-1.40.27 (TeX Live 2026/dev/Arch Linux) (preloaded format=pdflatex 2026.1.12)  22 JAN 2026 16:57
entering extended mode
 restricted \write18 enabled.
 file:line:error style messages enabled.
 %&-line parsing enabled.
**main.tex
(./main.tex
LaTeX2e <2024-11-01> patch level 2
L3 programming layer <2025-01-18>
(./tufte-handout.cls
Document Class: tufte-handout 2015/06/21 v3.5.2 Tufte-handout class
(./tufte-common.def
File: tufte-common.def 2015/06/21 v3.5.2 Common code for the Tufte-LaTeX styles
 (/usr/share/texmf-dist/tex/latex/xkeyval/xkeyval.sty
Package: xkeyval 2022/06/16 v2.9 package option processing (HA)
 (/usr/share/texmf-dist/tex/generic/xkeyval/xkeyval.tex (/usr/share/texmf-dist/tex/generic/xkeyval/xkvutils.tex
\XKV@toks=\toks17
\XKV@tempa@toks=\toks18
 (/usr/share/texmf-dist/tex/generic/xkeyval/keyval.tex))
\XKV@depth=\count196
File: xkeyval.tex 2014/12/03 v2.7a key=value parser (HA)
)) (/usr/share/texmf-dist/tex/latex/xifthen/xifthen.sty
Package: xifthen 2015/11/05 v1.4.0 Extended ifthen features
 (/usr/share/texmf-dist/tex/latex/tools/calc.sty
Package: calc 2023/07/08 v4.3 Infix arithmetic (KKT,FJ)
\calc@Acount=\count197
\calc@Bcount=\count198
\calc@Adimen=\dimen141
\calc@Bdimen=\dimen142
\calc@Askip=\skip49
\calc@Bskip=\skip50
LaTeX Info: Redefining \setlength on input line 80.
LaTeX Info: Redefining \addtolength on input line 81.
\calc@Ccount=\count199
\calc@Cskip=\skip51
) (/usr/share/texmf-dist/tex/latex/base/ifthen.sty
Package: ifthen 2024/03/16 v1.1e Standard LaTeX ifthen package (DPC)
) (/usr/share/texmf-dist/tex/latex/ifmtarg/ifmtarg.sty
Package: ifmtarg 2018/04/16 v1.2b check for an empty argument
)) (/usr/share/texmf-dist/tex/latex/hardwrap/hardwrap.sty
Package: hardwrap 2011/02/12 v0.2 Hard wrap messages
 (/usr/share/texmf-dist/tex/latex/ifplatform/ifplatform.sty
Package: ifplatform 2017/10/13 v0.4a Testing for the operating system
 (/usr/share/texmf-dist/tex/latex/tools/shellesc.sty
Package: shellesc 2023/07/08 v1.0d unified shell escape interface for LaTeX
Package shellesc Info: Restricted shell escape enabled on input line 77.
) (/usr/share/texmf-dist/tex/generic/pdftexcmds/pdftexcmds.sty
Package: pdftexcmds 2020-06-27 v0.33 Utility functions of pdfTeX for LuaTeX (HO)
 (/usr/share/texmf-dist/tex/generic/infwarerr/infwarerr.sty
Package: infwarerr 2019/12/03 v1.5 Providing info/warning/error messages (HO)
) (/usr/share/texmf-dist/tex/generic/iftex/iftex.sty
Package: iftex 2024/12/12 v1.0g TeX engine tests
) (/usr/share/texmf-dist/tex/generic/ltxcmds/ltxcmds.sty
Package: ltxcmds 2023-12-04 v1.26 LaTeX kernel commands for general use (HO)
)
Package pdftexcmds Info: \pdf@primitive is available.
Package pdftexcmds Info: \pdf@ifprimitive is available.
Package pdftexcmds Info: \pdfdraftmode found.
) (/usr/share/texmf-dist/tex/generic/catchfile/catchfile.sty
Package: catchfile 2019/12/09 v1.8 Catch the contents of a file (HO)
 (/usr/share/texmf-dist/tex/generic/etexcmds/etexcmds.sty
Package: etexcmds 2019/12/15 v1.7 Avoid name clashes with e-TeX commands (HO)
)) (/usr/share/texmf-dist/tex/generic/iftex/ifluatex.sty
Package: ifluatex 2019/10/25 v1.5 ifluatex legacy package. Use iftex instead.
)

Package ifplatform Warning: 
    shell escape is disabled, so I can only detect \ifwindows.

) (/usr/share/texmf-dist/tex/generic/iftex/ifxetex.sty
Package: ifxetex 2019/10/25 v0.7 ifxetex legacy package. Use iftex instead.
)
\hw@charcount=\count266
\hw@wordcount=\count267
\hw@maxprintline=\count268
 (|kpsewhich -var-value=max_print_line))
Class tufte-handout Info: Loading the base class `article'
 (/usr/share/texmf-dist/tex/latex/base/article.cls
Document Class: article 2024/06/29 v1.4n Standard LaTeX document class
(/usr/share/texmf-dist/tex/latex/base/size10.clo
File: size10.clo 2024/06/29 v1.4n Standard LaTeX file (size option)
)
\c@part=\count269
\c@section=\count270
\c@subsection=\count271
\c@subsubsection=\count272
\c@paragraph=\count273
\c@subparagraph=\count274
\c@figure=\count275
\c@table=\count276
\abovecaptionskip=\skip52
\belowcaptionskip=\skip53
\bibindent=\dimen143
) (/usr/share/texmf-dist/tex/generic/iftex/ifpdf.sty
Package: ifpdf 2019/10/25 v3.4 ifpdf legacy package. Use iftex instead.
) (/usr/share/texmf-dist/tex/latex/titlesec/titlesec.sty
Package: titlesec 2025/01/04 v2.17 Sectioning titles
\ttl@box=\box52
\beforetitleunit=\skip54
\aftertitleunit=\skip55
\ttl@plus=\dimen144
\ttl@minus=\dimen145
\ttl@toksa=\toks19
\titlewidth=\dimen146
\titlewidthlast=\dimen147
\titlewidthfirst=\dimen148
) (/usr/share/texmf-dist/tex/latex/titlesec/titletoc.sty
Package: titletoc 2025/01/04 v2.17 TOC entries
\ttl@leftsep=\dimen149
) (/usr/share/texmf-dist/tex/latex/hyperref/hyperref.sty
Package: hyperref 2024-11-05 v7.01l Hypertext links for LaTeX
 (/usr/share/texmf-dist/tex/latex/kvsetkeys/kvsetkeys.sty
Package: kvsetkeys 2022-10-05 v1.19 Key value parser (HO)
) (/usr/share/texmf-dist/tex/generic/kvdefinekeys/kvdefinekeys.sty
Package: kvdefinekeys 2019-12-19 v1.6 Define keys (HO)
) (/usr/share/texmf-dist/tex/generic/pdfescape/pdfescape.sty
Package: pdfescape 2019/12/09 v1.15 Implements pdfTeX's escape features (HO)
) (/usr/share/texmf-dist/tex/latex/hycolor/hycolor.sty
Package: hycolor 2020-01-27 v1.10 Color options for hyperref/bookmark (HO)
) (/usr/share/texmf-dist/tex/latex/hyperref/nameref.sty
Package: nameref 2023-11-26 v2.56 Cross-referencing by name of section
 (/usr/share/texmf-dist/tex/latex/refcount/refcount.sty
Package: refcount 2019/12/15 v3.6 Data extraction from label references (HO)
) (/usr/share/texmf-dist/tex/generic/gettitlestring/gettitlestring.sty
Package: gettitlestring 2019/12/15 v1.6 Cleanup title references (HO)
 (/usr/share/texmf-dist/tex/latex/kvoptions/kvoptions.sty
Package: kvoptions 2022-06-15 v3.15 Key value format for package options (HO)
))
\c@section@level=\count277
) (/usr/share/texmf-dist/tex/latex/etoolbox/etoolbox.sty
Package: etoolbox 2025/02/11 v2.5l e-TeX tools for LaTeX (JAW)
\etb@tempcnta=\count278
) (/usr/share/texmf-dist/tex/generic/stringenc/stringenc.sty
Package: stringenc 2019/11/29 v1.12 Convert strings between diff. encodings (HO)
)
\@linkdim=\dimen150
\Hy@linkcounter=\count279
\Hy@pagecounter=\count280
 (/usr/share/texmf-dist/tex/latex/hyperref/pd1enc.def
File: pd1enc.def 2024-11-05 v7.01l Hyperref: PDFDocEncoding definition (HO)
Now handling font encoding PD1 ...
... no UTF-8 mapping file for font encoding PD1
) (/usr/share/texmf-dist/tex/generic/intcalc/intcalc.sty
Package: intcalc 2019/12/15 v1.3 Expandable calculations with integers (HO)
)
\Hy@SavedSpaceFactor=\count281
 (/usr/share/texmf-dist/tex/latex/hyperref/puenc.def
File: puenc.def 2024-11-05 v7.01l Hyperref: PDF Unicode definition (HO)
Now handling font encoding PU ...
... no UTF-8 mapping file for font encoding PU
)
Package hyperref Info: Option `unicode' set `true' on input line 4040.
Package hyperref Info: Option `hyperfootnotes' set `false' on input line 4040.
Package hyperref Info: Hyper figures OFF on input line 4157.
Package hyperref Info: Link nesting OFF on input line 4162.
Package hyperref Info: Hyper index ON on input line 4165.
Package hyperref Info: Plain pages OFF on input line 4172.
Package hyperref Info: Backreferencing OFF on input line 4177.
Package hyperref Info: Implicit mode ON; LaTeX internals redefined.
Package hyperref Info: Bookmarks ON on input line 4424.
\c@Hy@tempcnt=\count282
 (/usr/share/texmf-dist/tex/latex/url/url.sty
\Urlmuskip=\muskip17
Package: url 2013/09/16  ver 3.4  Verb mode for urls, etc.
)
LaTeX Info: Redefining \url on input line 4763.
\XeTeXLinkMargin=\dimen151
 (/usr/share/texmf-dist/tex/generic/bitset/bitset.sty
Package: bitset 2019/12/09 v1.3 Handle bit-vector datatype (HO)
 (/usr/share/texmf-dist/tex/generic/bigintcalc/bigintcalc.sty
Package: bigintcalc 2019/12/15 v1.5 Expandable calculations on big integers (HO)
))
\Fld@menulength=\count283
\Field@Width=\dimen152
\Fld@charsize=\dimen153
Package hyperref Info: Hyper figures OFF on input line 6042.
Package hyperref Info: Link nesting OFF on input line 6047.
Package hyperref Info: Hyper index ON on input line 6050.
Package hyperref Info: backreferencing OFF on input line 6057.
Package hyperref Info: Link coloring OFF on input line 6062.
Package hyperref Info: Link coloring with OCG OFF on input line 6067.
Package hyperref Info: PDF/A mode OFF on input line 6072.
 (/usr/share/texmf-dist/tex/latex/base/atbegshi-ltx.sty
Package: atbegshi-ltx 2021/01/10 v1.0c Emulation of the original atbegshi
package with kernel methods
)
\Hy@abspage=\count284
\c@Item=\count285
)
Package hyperref Info: Driver (autodetected): hpdftex.
 (/usr/share/texmf-dist/tex/latex/hyperref/hpdftex.def
File: hpdftex.def 2024-11-05 v7.01l Hyperref driver for pdfTeX
 (/usr/share/texmf-dist/tex/latex/base/atveryend-ltx.sty
Package: atveryend-ltx 2020/08/19 v1.0a Emulation of the original atveryend package
with kernel methods
)
\Fld@listcount=\count286
\c@bookmark@seq@number=\count287
 (/usr/share/texmf-dist/tex/latex/rerunfilecheck/rerunfilecheck.sty
Package: rerunfilecheck 2022-07-10 v1.10 Rerun checks for auxiliary files (HO)
 (/usr/share/texmf-dist/tex/generic/uniquecounter/uniquecounter.sty
Package: uniquecounter 2019/12/15 v1.4 Provide unlimited unique counter (HO)
)
Package uniquecounter Info: New unique counter `rerunfilecheck' on input line 285.
)
\Hy@SectionHShift=\skip56
) (/usr/share/texmf-dist/tex/latex/ragged2e/ragged2e.sty
Package: ragged2e 2023/06/22 v3.6 ragged2e Package
\CenteringLeftskip=\skip57
\RaggedLeftLeftskip=\skip58
\RaggedRightLeftskip=\skip59
\CenteringRightskip=\skip60
\RaggedLeftRightskip=\skip61
\RaggedRightRightskip=\skip62
\CenteringParfillskip=\skip63
\RaggedLeftParfillskip=\skip64
\RaggedRightParfillskip=\skip65
\JustifyingParfillskip=\skip66
\CenteringParindent=\skip67
\RaggedLeftParindent=\skip68
\RaggedRightParindent=\skip69
\JustifyingParindent=\skip70
) (/usr/share/texmf-dist/tex/latex/geometry/geometry.sty
Package: geometry 2020/01/02 v5.9 Page Geometry
 (/usr/share/texmf-dist/tex/generic/iftex/ifvtex.sty
Package: ifvtex 2019/10/25 v1.7 ifvtex legacy package. Use iftex instead.
)
\Gm@cnth=\count288
\Gm@cntv=\count289
\c@Gm@tempcnt=\count290
\Gm@bindingoffset=\dimen154
\Gm@wd@mp=\dimen155
\Gm@odd@mp=\dimen156
\Gm@even@mp=\dimen157
\Gm@layoutwidth=\dimen158
\Gm@layoutheight=\dimen159
\Gm@layouthoffset=\dimen160
\Gm@layoutvoffset=\dimen161
\Gm@dimlist=\toks20
) (/usr/share/texmf-dist/tex/latex/changepage/changepage.sty
Package: changepage 2009/10/20 v1.0c check page and change page layout
\c@cp@cntr=\count291
\cp@tempcnt=\count292
)
\@tufte@overhang=\skip71
\@tufte@fullwidth=\skip72
\@tufte@caption@fill=\skip73
 (/usr/share/texmf-dist/tex/latex/paralist/paralist.sty
Package: paralist 2017/01/22 v2.7 Extended list environments
\pltopsep=\skip74
\plpartopsep=\skip75
\plitemsep=\skip76
\plparsep=\skip77
\pl@lab=\toks21
) (/usr/share/texmf-dist/tex/latex/textcase/textcase.sty
Package: textcase 2025/02/16 v1.05 Text only upper/lower case changing (DPC)
Package textcase Info: Defining Legacy names on input line 20.
) (/usr/share/texmf-dist/tex/latex/microtype/letterspace.sty
Package: letterspace 2025/02/11 v3.2a Robust letterspacing (RS)
LaTeX Info: Redefining \lsstyle on input line 343.
LaTeX Info: Redefining \lslig on input line 344.
LaTeX Info: Redefining \textls on input line 372.
\MT@outer@kern=\dimen162
) (/usr/share/texmf-dist/tex/latex/setspace/setspace.sty
Package: setspace 2022/12/04 v6.7b set line spacing
) (/usr/share/texmf-dist/tex/latex/xcolor/xcolor.sty
Package: xcolor 2024/09/29 v3.02 LaTeX color extensions (UK)

(/usr/share/texmf-dist/tex/latex/graphics-cfg/color.cfg
File: color.cfg 2016/01/02 v1.6 sample color configuration
)
Package xcolor Info: Driver file: pdftex.def on input line 274.
 (/usr/share/texmf-dist/tex/latex/graphics-def/pdftex.def
File: pdftex.def 2024/04/13 v1.2c Graphics/color driver for pdftex
) (/usr/share/texmf-dist/tex/latex/graphics/mathcolor.ltx)
Package xcolor Info: Model `cmy' substituted by `cmy0' on input line 1349.
Package xcolor Info: Model `hsb' substituted by `rgb' on input line 1353.
Package xcolor Info: Model `RGB' extended on input line 1365.
Package xcolor Info: Model `HTML' substituted by `rgb' on input line 1367.
Package xcolor Info: Model `Hsb' substituted by `hsb' on input line 1368.
Package xcolor Info: Model `tHsb' substituted by `hsb' on input line 1369.
Package xcolor Info: Model `HSB' substituted by `hsb' on input line 1370.
Package xcolor Info: Model `Gray' substituted by `gray' on input line 1371.
Package xcolor Info: Model `wave' substituted by `hsb' on input line 1372.
) (/usr/share/texmf-dist/tex/latex/graphics/dvipsnam.def
File: dvipsnam.def 2016/06/17 v3.0m Driver-dependent file (DPC,SPQR)
) (/usr/share/texmf-dist/tex/latex/xcolor/svgnam.def
File: svgnam.def 2024/09/29 v3.02 Predefined colors according to SVG 1.1 (UK)
) (/usr/share/texmf-dist/tex/latex/natbib/natbib.sty
Package: natbib 2010/09/13 8.31b (PWD, AO)
\bibhang=\skip78
\bibsep=\skip79
LaTeX Info: Redefining \cite on input line 694.
\c@NAT@ctr=\count293
) (/usr/share/texmf-dist/tex/latex/natbib/bibentry.sty
Package: bibentry 2007/10/30 1.5 (PWD)
) (./main.bbl)
\c@@tufte@num@bibkeys=\count294
 (/usr/share/texmf-dist/tex/latex/sauerj/optparams.sty
Package: optparams 2004/08/14 v0.9 multiple optional parameters in macros
)
\@tufte@sidenote@vertical@offset=\skip80
 (/usr/share/texmf-dist/tex/latex/placeins/placeins.sty
Package: placeins 2005/04/18  v 2.2
)
\@tufte@margin@floatbox=\box53
\@tufte@figure@box=\box54
\@tufte@caption@box=\box55
\@tufte@caption@vertical@offset=\skip81
\@tufte@float@contents@width=\skip82
 (/usr/share/texmf-dist/tex/latex/psnfss/mathpazo.sty
Package: mathpazo 2020/03/25 PSNFSS-v9.3 Palatino w/ Pazo Math (D.Puga, WaS) 
\symupright=\mathgroup4
) (/usr/share/texmf-dist/tex/latex/psnfss/helvet.sty
Package: helvet 2020/03/25 PSNFSS-v9.3 (WaS) 
) (/usr/share/texmf-dist/tex/latex/bera/beramono.sty
Package: beramono 2004/01/31 (WaS)
) (/usr/share/texmf-dist/tex/latex/base/fontenc.sty
Package: fontenc 2021/04/29 v2.0v Standard LaTeX package
LaTeX Font Info:    Trying to load font information for T1+pplj on input line 116.
 (/usr/share/texmf-dist/tex/latex/psnfss/t1pplj.fd
File: t1pplj.fd 2004/09/06 font definitions for T1/pplj.
)) (/usr/share/texmf-dist/tex/latex/base/textcomp.sty
Package: textcomp 2024/04/24 v2.1b Standard LaTeX package
) (/usr/share/texmf-dist/tex/latex/fancyhdr/fancyhdr.sty
Package: fancyhdr 2025/02/07 v5.2 Extensive control of page headers and footers
\f@nch@headwidth=\skip83
\f@nch@offset@elh=\skip84
\f@nch@offset@erh=\skip85
\f@nch@offset@olh=\skip86
\f@nch@offset@orh=\skip87
\f@nch@offset@elf=\skip88
\f@nch@offset@erf=\skip89
\f@nch@offset@olf=\skip90
\f@nch@offset@orf=\skip91
\f@nch@height=\skip92
\f@nch@footalignment=\skip93
\f@nch@widthL=\skip94
\f@nch@widthC=\skip95
\f@nch@widthR=\skip96
\@temptokenb=\toks22
)
\tufteskipamount=\skip97
 (/usr/share/texmf-dist/tex/latex/tools/multicol.sty
Package: multicol 2024/09/14 v1.9i multicolumn formatting (FMi)
\c@tracingmulticols=\count295
\mult@box=\box56
\multicol@leftmargin=\dimen163
\c@unbalance=\count296
\c@collectmore=\count297
\doublecol@number=\count298
\multicoltolerance=\count299
\multicolpretolerance=\count300
\full@width=\dimen164
\page@free=\dimen165
\premulticols=\dimen166
\postmulticols=\dimen167
\multicolsep=\skip98
\multicolbaselineskip=\skip99
\partial@page=\box57
\last@line=\box58
\mc@boxedresult=\box59
\maxbalancingoverflow=\dimen168
\mult@rightbox=\box60
\mult@grightbox=\box61
\mult@firstbox=\box62
\mult@gfirstbox=\box63
\@tempa=\box64
\@tempa=\box65
\@tempa=\box66
\@tempa=\box67
\@tempa=\box68
\@tempa=\box69
\@tempa=\box70
\@tempa=\box71
\@tempa=\box72
\@tempa=\box73
\@tempa=\box74
\@tempa=\box75
\@tempa=\box76
\@tempa=\box77
\@tempa=\box78
\@tempa=\box79
\@tempa=\box80
\@tempa=\box81
\@tempa=\box82
\@tempa=\box83
\@tempa=\box84
\@tempa=\box85
\@tempa=\box86
\@tempa=\box87
\@tempa=\box88
\@tempa=\box89
\@tempa=\box90
\@tempa=\box91
\@tempa=\box92
\@tempa=\box93
\@tempa=\box94
\@tempa=\box95
\@tempa=\box96
\@tempa=\box97
\@tempa=\box98
\@tempa=\box99
\c@minrows=\count301
\c@columnbadness=\count302
\c@finalcolumnbadness=\count303
\last@try=\dimen169
\multicolovershoot=\dimen170
\multicolundershoot=\dimen171
\mult@nat@firstbox=\box100
\colbreak@box=\box101
\mc@col@check@num=\count304
))) (/usr/share/texmf-dist/tex/latex/graphics/graphicx.sty
Package: graphicx 2021/09/16 v1.2d Enhanced LaTeX Graphics (DPC,SPQR)
 (/usr/share/texmf-dist/tex/latex/graphics/graphics.sty
Package: graphics 2024/08/06 v1.4g Standard LaTeX Graphics (DPC,SPQR)
 (/usr/share/texmf-dist/tex/latex/graphics/trig.sty
Package: trig 2023/12/02 v1.11 sin cos tan (DPC)
) (/usr/share/texmf-dist/tex/latex/graphics-cfg/graphics.cfg
File: graphics.cfg 2016/06/04 v1.11 sample graphics configuration
)
Package graphics Info: Driver file: pdftex.def on input line 106.
)
\Gin@req@height=\dimen172
\Gin@req@width=\dimen173
) (/usr/share/texmf-dist/tex/latex/amsmath/amsmath.sty
Package: amsmath 2024/11/05 v2.17t AMS math features
\@mathmargin=\skip100

For additional information on amsmath, use the `?' option.
(/usr/share/texmf-dist/tex/latex/amsmath/amstext.sty
Package: amstext 2021/08/26 v2.01 AMS text
 (/usr/share/texmf-dist/tex/latex/amsmath/amsgen.sty
File: amsgen.sty 1999/11/30 v2.0 generic functions
\@emptytoks=\toks23
\ex@=\dimen174
)) (/usr/share/texmf-dist/tex/latex/amsmath/amsbsy.sty
Package: amsbsy 1999/11/29 v1.2d Bold Symbols
\pmbraise@=\dimen175
) (/usr/share/texmf-dist/tex/latex/amsmath/amsopn.sty
Package: amsopn 2022/04/08 v2.04 operator names
)
\inf@bad=\count305
LaTeX Info: Redefining \frac on input line 233.
\uproot@=\count306
\leftroot@=\count307
LaTeX Info: Redefining \overline on input line 398.
LaTeX Info: Redefining \colon on input line 409.
\classnum@=\count308
\DOTSCASE@=\count309
LaTeX Info: Redefining \ldots on input line 495.
LaTeX Info: Redefining \dots on input line 498.
LaTeX Info: Redefining \cdots on input line 619.
\Mathstrutbox@=\box102
\strutbox@=\box103
LaTeX Info: Redefining \big on input line 721.
LaTeX Info: Redefining \Big on input line 722.
LaTeX Info: Redefining \bigg on input line 723.
LaTeX Info: Redefining \Bigg on input line 724.
\big@size=\dimen176
LaTeX Font Info:    Redeclaring font encoding OML on input line 742.
LaTeX Font Info:    Redeclaring font encoding OMS on input line 743.
\macc@depth=\count310
LaTeX Info: Redefining \bmod on input line 904.
LaTeX Info: Redefining \pmod on input line 909.
LaTeX Info: Redefining \smash on input line 939.
LaTeX Info: Redefining \relbar on input line 969.
LaTeX Info: Redefining \Relbar on input line 970.
\c@MaxMatrixCols=\count311
\dotsspace@=\muskip18
\c@parentequation=\count312
\dspbrk@lvl=\count313
\tag@help=\toks24
\row@=\count314
\column@=\count315
\maxfields@=\count316
\andhelp@=\toks25
\eqnshift@=\dimen177
\alignsep@=\dimen178
\tagshift@=\dimen179
\tagwidth@=\dimen180
\totwidth@=\dimen181
\lineht@=\dimen182
\@envbody=\toks26
\multlinegap=\skip101
\multlinetaggap=\skip102
\mathdisplay@stack=\toks27
LaTeX Info: Redefining \[ on input line 2953.
LaTeX Info: Redefining \] on input line 2954.
) (/usr/share/texmf-dist/tex/latex/amsfonts/amsfonts.sty
Package: amsfonts 2013/01/14 v3.01 Basic AMSFonts support
\symAMSa=\mathgroup5
\symAMSb=\mathgroup6
LaTeX Font Info:    Redeclaring math symbol \hbar on input line 98.
LaTeX Font Info:    Overwriting math alphabet `\mathfrak' in version `bold'
(Font)                  U/euf/m/n --> U/euf/b/n on input line 106.
) (/usr/share/texmf-dist/tex/latex/amsfonts/amssymb.sty
Package: amssymb 2013/01/14 v3.01 AMS font symbols
) (/usr/share/texmf-dist/tex/latex/amscls/amsthm.sty
Package: amsthm 2020/05/29 v2.20.6
\thm@style=\toks28
\thm@bodyfont=\toks29
\thm@headfont=\toks30
\thm@notefont=\toks31
\thm@headpunct=\toks32
\thm@preskip=\skip103
\thm@postskip=\skip104
\thm@headsep=\skip105
\dth@everypar=\toks33
) (/usr/share/texmf-dist/tex/latex/physics/physics.sty
Package: physics 
 (/usr/share/texmf-dist/tex/latex/l3packages/xparse/xparse.sty (/usr/share/texmf-dist/tex/latex/l3kernel/expl3.sty
Package: expl3 2025-01-18 L3 programming layer (loader) 
 (/usr/share/texmf-dist/tex/latex/l3backend/l3backend-pdftex.def
File: l3backend-pdftex.def 2024-05-08 L3 backend support: PDF output (pdfTeX)
\l__color_backend_stack_int=\count317
\l__pdf_internal_box=\box104
))
Package: xparse 2024-08-16 L3 Experimental document command parser
)) (/usr/share/texmf-dist/tex/latex/siunitx/siunitx.sty
Package: siunitx 2025-02-27 v3.4.6 A comprehensive (SI) units package
\l__siunitx_number_uncert_offset_int=\count318
\l__siunitx_number_exponent_fixed_int=\count319
\l__siunitx_number_min_decimal_int=\count320
\l__siunitx_number_min_integer_int=\count321
\l__siunitx_number_round_precision_int=\count322
\l__siunitx_number_lower_threshold_int=\count323
\l__siunitx_number_upper_threshold_int=\count324
\l__siunitx_number_group_first_int=\count325
\l__siunitx_number_group_size_int=\count326
\l__siunitx_number_group_minimum_int=\count327
\l__siunitx_angle_tmp_dim=\dimen183
\l__siunitx_angle_marker_box=\box105
\l__siunitx_angle_unit_box=\box106
\l__siunitx_compound_count_int=\count328
 (/usr/share/texmf-dist/tex/latex/translations/translations.sty
Package: translations 2022/02/05 v1.12 internationalization of LaTeX2e packages (CN)
)
\l__siunitx_table_tmp_box=\box107
\l__siunitx_table_tmp_dim=\dimen184
\l__siunitx_table_column_width_dim=\dimen185
\l__siunitx_table_integer_box=\box108
\l__siunitx_table_decimal_box=\box109
\l__siunitx_table_uncert_box=\box110
\l__siunitx_table_before_box=\box111
\l__siunitx_table_after_box=\box112
\l__siunitx_table_before_dim=\dimen186
\l__siunitx_table_carry_dim=\dimen187
\l__siunitx_unit_tmp_int=\count329
\l__siunitx_unit_position_int=\count330
\l__siunitx_unit_total_int=\count331
 (/usr/share/texmf-dist/tex/latex/tools/array.sty
Package: array 2024/10/17 v2.6g Tabular extension package (FMi)
\col@sep=\dimen188
\ar@mcellbox=\box113
\extrarowheight=\dimen189
\NC@list=\toks34
\extratabsurround=\skip106
\backup@length=\skip107
\ar@cellbox=\box114
)) (/usr/share/texmf-dist/tex/latex/cancel/cancel.sty
Package: cancel 2013/04/12 v2.2 Cancel math terms
) (/usr/share/texmf-dist/tex/latex/booktabs/booktabs.sty
Package: booktabs 2020/01/12 v1.61803398 Publication quality tables
\heavyrulewidth=\dimen190
\lightrulewidth=\dimen191
\cmidrulewidth=\dimen192
\belowrulesep=\dimen193
\belowbottomsep=\dimen194
\aboverulesep=\dimen195
\abovetopsep=\dimen196
\cmidrulesep=\dimen197
\cmidrulekern=\dimen198
\defaultaddspace=\dimen199
\@cmidla=\count332
\@cmidlb=\count333
\@aboverulesep=\dimen256
\@belowrulesep=\dimen257
\@thisruleclass=\count334
\@lastruleclass=\count335
\@thisrulewidth=\dimen258
) (/usr/share/texmf-dist/tex/latex/subfiles/subfiles.sty
Package: subfiles 2020/11/14 v2.2 Multi-file projects (package)
 (/usr/share/texmf-dist/tex/latex/import/import.sty
Package: import 2020/04/01  v 6.2
)) (/usr/share/texmf-dist/tex/latex/listings/listings.sty
\lst@mode=\count336
\lst@gtempboxa=\box115
\lst@token=\toks35
\lst@length=\count337
\lst@currlwidth=\dimen259
\lst@column=\count338
\lst@pos=\count339
\lst@lostspace=\dimen260
\lst@width=\dimen261
\lst@newlines=\count340
\lst@lineno=\count341
\lst@maxwidth=\dimen262
 (/usr/share/texmf-dist/tex/latex/listings/lstpatch.sty
File: lstpatch.sty 2024/09/23 1.10c (Carsten Heinz)
) (/usr/share/texmf-dist/tex/latex/listings/lstmisc.sty
File: lstmisc.sty 2024/09/23 1.10c (Carsten Heinz)
\c@lstnumber=\count342
\lst@skipnumbers=\count343
\lst@framebox=\box116
) (/usr/share/texmf-dist/tex/latex/listings/listings.cfg
File: listings.cfg 2024/09/23 1.10c listings configuration
))
Package: listings 2024/09/23 1.10c (Carsten Heinz)
 (/usr/share/texmf-dist/tex/latex/fancyvrb/fancyvrb.sty
Package: fancyvrb 2024/01/20 4.5c verbatim text (tvz,hv)
\FV@CodeLineNo=\count344
\FV@InFile=\read2
\FV@TabBox=\box117
\c@FancyVerbLine=\count345
\FV@StepNumber=\count346
\FV@OutFile=\write3
)
Package translations Info: No language package found. I am going to use `english' as default language. on input line 58.
 (./main.aux)
\openout1 = `main.aux'.

LaTeX Font Info:    Checking defaults for OML/cmm/m/it on input line 58.
LaTeX Font Info:    ... okay on input line 58.
LaTeX Font Info:    Checking defaults for OMS/cmsy/m/n on input line 58.
LaTeX Font Info:    ... okay on input line 58.
LaTeX Font Info:    Checking defaults for OT1/cmr/m/n on input line 58.
LaTeX Font Info:    ... okay on input line 58.
LaTeX Font Info:    Checking defaults for T1/cmr/m/n on input line 58.
LaTeX Font Info:    ... okay on input line 58.
LaTeX Font Info:    Checking defaults for TS1/cmr/m/n on input line 58.
LaTeX Font Info:    ... okay on input line 58.
LaTeX Font Info:    Checking defaults for OMX/cmex/m/n on input line 58.
LaTeX Font Info:    ... okay on input line 58.
LaTeX Font Info:    Checking defaults for U/cmr/m/n on input line 58.
LaTeX Font Info:    ... okay on input line 58.
LaTeX Font Info:    Checking defaults for PD1/pdf/m/n on input line 58.
LaTeX Font Info:    ... okay on input line 58.
LaTeX Font Info:    Checking defaults for PU/pdf/m/n on input line 58.
LaTeX Font Info:    ... okay on input line 58.
Package hyperref Info: Link coloring OFF on input line 58.
 (./main.out) (./main.out)
\@outlinefile=\write4
\openout4 = `main.out'.


*geometry* driver: auto-detecting
*geometry* detected driver: pdftex
*geometry* verbose mode - [ preamble ] result:
* driver: pdftex
* paper: a4paper
* layout: <same size as paper>
* layoutoffset:(h,v)=(0.0pt,0.0pt)
* modes: twoside asymmetric 
* h-part:(L,W,R)=(70.56284pt, 304.44447pt, 222.50056pt)
* v-part:(T,H,B)=(77.96053pt, 686.0pt, 81.08632pt)
* \paperwidth=597.50787pt
* \paperheight=845.04684pt
* \textwidth=304.44447pt
* \textheight=686.0pt
* \oddsidemargin=-1.70715pt
* \evensidemargin=-1.70715pt
* \topmargin=-36.30946pt
* \headheight=14.0pt
* \headsep=28.0pt
* \topskip=10.0pt
* \footskip=30.0pt
* \marginparwidth=140.5566pt
* \marginparsep=23.33124pt
* \columnsep=10.0pt
* \skip\footins=9.0pt plus 4.0pt minus 2.0pt
* \hoffset=0.0pt
* \voffset=0.0pt
* \mag=1000
* \@twocolumnfalse
* \@twosidetrue
* \@mparswitchfalse
* \@reversemarginfalse
* (1in=72.27pt=25.4mm, 1cm=28.453pt)

\langwohyphens=\language3
(/usr/share/texmf-dist/tex/context/base/mkii/supp-pdf.mkii
[Loading MPS to PDF converter (version 2006.09.02).]
\scratchcounter=\count347
\scratchdimen=\dimen263
\scratchbox=\box118
\nofMPsegments=\count348
\nofMParguments=\count349
\everyMPshowfont=\toks36
\MPscratchCnt=\count350
\MPscratchDim=\dimen264
\MPnumerator=\count351
\makeMPintoPDFobject=\count352
\everyMPtoPDFconversion=\toks37
) (/usr/share/texmf-dist/tex/latex/epstopdf-pkg/epstopdf-base.sty
Package: epstopdf-base 2020-01-24 v2.11 Base part for package epstopdf
Package epstopdf-base Info: Redefining graphics rule for `.eps' on input line 485.
 (/usr/share/texmf-dist/tex/latex/latexconfig/epstopdf-sys.cfg
File: epstopdf-sys.cfg 2010/07/13 v1.3 Configuration of (r)epstopdf for TeX Live
))

Package siunitx Warning: Detected the "physics" package:
(siunitx)                omitting definition of \qty.
(siunitx)                
(siunitx)                If you want to use \qty with the siunitx definition,
(siunitx)                add 
(siunitx)                
(siunitx)                    \AtBeginDocument{\RenewCommandCopy\qty\SI}
(siunitx)                
(siunitx)                to your preamble.

(/usr/share/texmf-dist/tex/latex/translations/translations-basic-dictionary-english.trsl
File: translations-basic-dictionary-english.trsl (english translation file `translations-basic-dictionary')
)
Package translations Info: loading dictionary `translations-basic-dictionary' for `english'. on input line 58.
\c@lstlisting=\count353
 (./docs/tests.tex
LaTeX Font Info:    Trying to load font information for TS1+pplj on input line 16.
 (/usr/share/texmf-dist/tex/latex/psnfss/ts1pplj.fd
File: ts1pplj.fd 2004/09/06 font definitions for TS1/pplj.
)

LaTeX Warning: Marginpar on page 1 moved.

LaTeX Font Info:    Trying to load font information for OT1+pplx on input line 21.
(/usr/share/texmf-dist/tex/latex/psnfss/ot1pplx.fd
File: ot1pplx.fd 2004/09/06 font definitions for OT1/pplx.
)
LaTeX Font Info:    Trying to load font information for OML+zplm on input line 21.
 (/usr/share/texmf-dist/tex/latex/psnfss/omlzplm.fd
File: omlzplm.fd 2002/09/08 Fontinst v1.914 font definitions for OML/zplm.
)
LaTeX Font Info:    Trying to load font information for OMS+zplm on input line 21.
 (/usr/share/texmf-dist/tex/latex/psnfss/omszplm.fd
File: omszplm.fd 2002/09/08 Fontinst v1.914 font definitions for OMS/zplm.
)
LaTeX Font Info:    Trying to load font information for OMX+zplm on input line 21.
 (/usr/share/texmf-dist/tex/latex/psnfss/omxzplm.fd
File: omxzplm.fd 2002/09/08 Fontinst v1.914 font definitions for OMX/zplm.
)
LaTeX Font Info:    Trying to load font information for OT1+zplm on input line 21.
 (/usr/share/texmf-dist/tex/latex/psnfss/ot1zplm.fd
File: ot1zplm.fd 2002/09/08 Fontinst v1.914 font definitions for OT1/zplm.
)
LaTeX Font Info:    Font shape `U/msa/m/n' will be
(Font)              scaled to size 10.42007pt on input line 21.
LaTeX Font Info:    Font shape `U/msa/m/n' will be
(Font)              scaled to size 7.91925pt on input line 21.
LaTeX Font Info:    Font shape `U/msa/m/n' will be
(Font)              scaled to size 6.25204pt on input line 21.
LaTeX Font Info:    Font shape `U/msb/m/n' will be
(Font)              scaled to size 10.42007pt on input line 21.
LaTeX Font Info:    Font shape `U/msb/m/n' will be
(Font)              scaled to size 7.91925pt on input line 21.
LaTeX Font Info:    Font shape `U/msb/m/n' will be
(Font)              scaled to size 6.25204pt on input line 21.
<docs/../Figures/0.050.30.052500-2026-01-16-102953/finalConfigAssembly.png, id=20, 481.8pt x 361.35pt>
File: docs/../Figures/0.050.30.052500-2026-01-16-102953/finalConfigAssembly.png Graphic file (type png)
<use docs/../Figures/0.050.30.052500-2026-01-16-102953/finalConfigAssembly.png>
Package pdftex.def Info: docs/../Figures/0.050.30.052500-2026-01-16-102953/finalConfigAssembly.png  used on input line 27.
(pdftex.def)             Requested size: 274.00395pt x 205.50298pt.
LaTeX Font Info:    Trying to load font information for T1+fvm on input line 31.
 (/usr/share/texmf-dist/tex/latex/bera/t1fvm.fd
File: t1fvm.fd 2004/09/07 scalable font definitions for T1/fvm.
)
LaTeX Font Info:    Font shape `T1/fvm/m/n' will be
(Font)              scaled to size 8.50006pt on input line 31.
LaTeX Font Info:    Font shape `T1/fvm/m/n' will be
(Font)              scaled to size 7.65005pt on input line 34.
LaTeX Font Info:    Font shape `U/msa/m/n' will be
(Font)              scaled to size 8.33606pt on input line 52.
LaTeX Font Info:    Font shape `U/msa/m/n' will be
(Font)              scaled to size 5.21004pt on input line 52.
LaTeX Font Info:    Font shape `U/msb/m/n' will be
(Font)              scaled to size 8.33606pt on input line 52.
LaTeX Font Info:    Font shape `U/msb/m/n' will be
(Font)              scaled to size 5.21004pt on input line 52.


LaTeX Warning: Marginpar on page 1 moved.

<docs/../Figures/0.050.30.05500-2026-01-20-111704/temp-0.050.30.05500-2026-01-20-111704.png, id=22, 426.8748pt x 341.8371pt>
File: docs/../Figures/0.050.30.05500-2026-01-20-111704/temp-0.050.30.05500-2026-01-20-111704.png Graphic file (type png)
<use docs/../Figures/0.050.30.05500-2026-01-20-111704/temp-0.050.30.05500-2026-01-20-111704.png>
Package pdftex.def Info: docs/../Figures/0.050.30.05500-2026-01-20-111704/temp-0.050.30.05500-2026-01-20-111704.png  used on input line 57.
(pdftex.def)             Requested size: 140.55646pt x 112.55621pt.


[1

{/var/lib/texmf/fonts/map/pdftex/updmap/pdftex.map}{/usr/share/texmf-dist/fonts/enc/dvips/base/8r.enc} <./docs/../Figures/0.050.30.052500-2026-01-16-102953/finalConfigAssembly.png>]

LaTeX Warning: Marginpar on page 2 moved.

<docs/../Figures/0.050.30.05500-2026-01-20-111704/eSys-0.050.30.05500-2026-01-20-111704.png, id=37, 426.8748pt x 341.8371pt>
File: docs/../Figures/0.050.30.05500-2026-01-20-111704/eSys-0.050.30.05500-2026-01-20-111704.png Graphic file (type png)
<use docs/../Figures/0.050.30.05500-2026-01-20-111704/eSys-0.050.30.05500-2026-01-20-111704.png>
Package pdftex.def Info: docs/../Figures/0.050.30.05500-2026-01-20-111704/eSys-0.050.30.05500-2026-01-20-111704.png  used on input line 62.
(pdftex.def)             Requested size: 140.55646pt x 112.55621pt.

LaTeX Warning: Marginpar on page 2 moved.

<docs/../Figures/0.050.30.05500-2026-01-20-111704/eB-0.050.30.05500-2026-01-20-111704.png, id=38, 426.8748pt x 341.8371pt>
File: docs/../Figures/0.050.30.05500-2026-01-20-111704/eB-0.050.30.05500-2026-01-20-111704.png Graphic file (type png)
<use docs/../Figures/0.050.30.05500-2026-01-20-111704/eB-0.050.30.05500-2026-01-20-111704.png>
Package pdftex.def Info: docs/../Figures/0.050.30.05500-2026-01-20-111704/eB-0.050.30.05500-2026-01-20-111704.png  used on input line 67.
(pdftex.def)             Requested size: 140.55646pt x 112.55621pt.

LaTeX Warning: Marginpar on page 2 moved.

<docs/../Figures/0.050.30.05500-2026-01-20-111704/epk-0.050.30.05500-2026-01-20-111704.png, id=39, 426.8748pt x 341.8371pt>
File: docs/../Figures/0.050.30.05500-2026-01-20-111704/epk-0.050.30.05500-2026-01-20-111704.png Graphic file (type png)
<use docs/../Figures/0.050.30.05500-2026-01-20-111704/epk-0.050.30.05500-2026-01-20-111704.png>
Package pdftex.def Info: docs/../Figures/0.050.30.05500-2026-01-20-111704/epk-0.050.30.05500-2026-01-20-111704.png  used on input line 72.
(pdftex.def)             Requested size: 140.55646pt x 112.55621pt.

LaTeX Warning: Marginpar on page 2 moved.

<docs/../Figures/0.050.30.05500-2026-01-20-111704/triple.png, id=40, 481.8pt x 361.35pt>
File: docs/../Figures/0.050.30.05500-2026-01-20-111704/triple.png Graphic file (type png)
<use docs/../Figures/0.050.30.05500-2026-01-20-111704/triple.png>
Package pdftex.def Info: docs/../Figures/0.050.30.05500-2026-01-20-111704/triple.png  used on input line 92.
(pdftex.def)             Requested size: 274.00395pt x 205.50298pt.


[2 <./docs/../Figures/0.050.30.05500-2026-01-20-111704/temp-0.050.30.05500-2026-01-20-111704.png> <./docs/../Figures/0.050.30.05500-2026-01-20-111704/eSys-0.050.30.05500-2026-01-20-111704.png> <./docs/../Figures/0.050.30.05500-2026-01-20-111704/eB-0.050.30.05500-2026-01-20-111704.png> <./docs/../Figures/0.050.30.05500-2026-01-20-111704/epk-0.050.30.05500-2026-01-20-111704.png> <./docs/../Figures/0.050.30.05500-2026-01-20-111704/triple.png>]
<docs/../Figures/0.050.30.05500-2026-01-20-121005/temp-0.050.30.05500-2026-01-20-121005.png, id=47, 426.8748pt x 341.8371pt>
File: docs/../Figures/0.050.30.05500-2026-01-20-121005/temp-0.050.30.05500-2026-01-20-121005.png Graphic file (type png)
<use docs/../Figures/0.050.30.05500-2026-01-20-121005/temp-0.050.30.05500-2026-01-20-121005.png>
Package pdftex.def Info: docs/../Figures/0.050.30.05500-2026-01-20-121005/temp-0.050.30.05500-2026-01-20-121005.png  used on input line 101.
(pdftex.def)             Requested size: 140.55646pt x 112.55621pt.


LaTeX Warning: Marginpar on page 3 moved.

<docs/../Figures/0.050.30.05500-2026-01-20-121005/eSys-0.050.30.05500-2026-01-20-121005.png, id=48, 426.8748pt x 341.8371pt>
File: docs/../Figures/0.050.30.05500-2026-01-20-121005/eSys-0.050.30.05500-2026-01-20-121005.png Graphic file (type png)
<use docs/../Figures/0.050.30.05500-2026-01-20-121005/eSys-0.050.30.05500-2026-01-20-121005.png>
Package pdftex.def Info: docs/../Figures/0.050.30.05500-2026-01-20-121005/eSys-0.050.30.05500-2026-01-20-121005.png  used on input line 106.
(pdftex.def)             Requested size: 140.55646pt x 112.55621pt.

LaTeX Warning: Marginpar on page 3 moved.

<docs/../Figures/0.050.30.05500-2026-01-20-121005/eB-0.050.30.05500-2026-01-20-121005.png, id=49, 426.8748pt x 341.8371pt>
File: docs/../Figures/0.050.30.05500-2026-01-20-121005/eB-0.050.30.05500-2026-01-20-121005.png Graphic file (type png)
<use docs/../Figures/0.050.30.05500-2026-01-20-121005/eB-0.050.30.05500-2026-01-20-121005.png>
Package pdftex.def Info: docs/../Figures/0.050.30.05500-2026-01-20-121005/eB-0.050.30.05500-2026-01-20-121005.png  used on input line 111.
(pdftex.def)             Requested size: 140.55646pt x 112.55621pt.

LaTeX Warning: Marginpar on page 3 moved.

<docs/../Figures/0.050.30.05500-2026-01-20-121005/epk-0.050.30.05500-2026-01-20-121005.png, id=50, 426.8748pt x 341.8371pt>
File: docs/../Figures/0.050.30.05500-2026-01-20-121005/epk-0.050.30.05500-2026-01-20-121005.png Graphic file (type png)
<use docs/../Figures/0.050.30.05500-2026-01-20-121005/epk-0.050.30.05500-2026-01-20-121005.png>
Package pdftex.def Info: docs/../Figures/0.050.30.05500-2026-01-20-121005/epk-0.050.30.05500-2026-01-20-121005.png  used on input line 116.
(pdftex.def)             Requested size: 140.55646pt x 112.55621pt.

LaTeX Warning: Marginpar on page 3 moved.

<docs/../Figures/0.050.30.05500-2026-01-20-121005/triple.png, id=51, 481.8pt x 361.35pt>
File: docs/../Figures/0.050.30.05500-2026-01-20-121005/triple.png Graphic file (type png)
<use docs/../Figures/0.050.30.05500-2026-01-20-121005/triple.png>
Package pdftex.def Info: docs/../Figures/0.050.30.05500-2026-01-20-121005/triple.png  used on input line 123.
(pdftex.def)             Requested size: 274.00395pt x 205.50298pt.


[3 <./docs/../Figures/0.050.30.05500-2026-01-20-121005/temp-0.050.30.05500-2026-01-20-121005.png> <./docs/../Figures/0.050.30.05500-2026-01-20-121005/eSys-0.050.30.05500-2026-01-20-121005.png> <./docs/../Figures/0.050.30.05500-2026-01-20-121005/eB-0.050.30.05500-2026-01-20-121005.png> <./docs/../Figures/0.050.30.05500-2026-01-20-121005/epk-0.050.30.05500-2026-01-20-121005.png> <./docs/../Figures/0.050.30.05500-2026-01-20-121005/triple.png>]
<docs/../Figures/0.050.30.05500-2026-01-20-135923/temp-0.050.30.05500-2026-01-20-135923.png, id=58, 426.8748pt x 341.8371pt>
File: docs/../Figures/0.050.30.05500-2026-01-20-135923/temp-0.050.30.05500-2026-01-20-135923.png Graphic file (type png)
<use docs/../Figures/0.050.30.05500-2026-01-20-135923/temp-0.050.30.05500-2026-01-20-135923.png>
Package pdftex.def Info: docs/../Figures/0.050.30.05500-2026-01-20-135923/temp-0.050.30.05500-2026-01-20-135923.png  used on input line 134.
(pdftex.def)             Requested size: 140.55646pt x 112.55621pt.


LaTeX Warning: Marginpar on page 4 moved.

<docs/../Figures/0.050.30.05500-2026-01-20-135923/eSys-0.050.30.05500-2026-01-20-135923.png, id=59, 426.8748pt x 341.8371pt>
File: docs/../Figures/0.050.30.05500-2026-01-20-135923/eSys-0.050.30.05500-2026-01-20-135923.png Graphic file (type png)
<use docs/../Figures/0.050.30.05500-2026-01-20-135923/eSys-0.050.30.05500-2026-01-20-135923.png>
Package pdftex.def Info: docs/../Figures/0.050.30.05500-2026-01-20-135923/eSys-0.050.30.05500-2026-01-20-135923.png  used on input line 139.
(pdftex.def)             Requested size: 140.55646pt x 112.55621pt.

LaTeX Warning: Marginpar on page 4 moved.

<docs/../Figures/0.050.30.05500-2026-01-20-135923/eB-0.050.30.05500-2026-01-20-135923.png, id=60, 426.8748pt x 341.8371pt>
File: docs/../Figures/0.050.30.05500-2026-01-20-135923/eB-0.050.30.05500-2026-01-20-135923.png Graphic file (type png)
<use docs/../Figures/0.050.30.05500-2026-01-20-135923/eB-0.050.30.05500-2026-01-20-135923.png>
Package pdftex.def Info: docs/../Figures/0.050.30.05500-2026-01-20-135923/eB-0.050.30.05500-2026-01-20-135923.png  used on input line 144.
(pdftex.def)             Requested size: 140.55646pt x 112.55621pt.

LaTeX Warning: Marginpar on page 4 moved.

<docs/../Figures/0.050.30.05500-2026-01-20-135923/epk-0.050.30.05500-2026-01-20-135923.png, id=61, 426.8748pt x 341.8371pt>
File: docs/../Figures/0.050.30.05500-2026-01-20-135923/epk-0.050.30.05500-2026-01-20-135923.png Graphic file (type png)
<use docs/../Figures/0.050.30.05500-2026-01-20-135923/epk-0.050.30.05500-2026-01-20-135923.png>
Package pdftex.def Info: docs/../Figures/0.050.30.05500-2026-01-20-135923/epk-0.050.30.05500-2026-01-20-135923.png  used on input line 149.
(pdftex.def)             Requested size: 140.55646pt x 112.55621pt.

LaTeX Warning: Marginpar on page 4 moved.

<docs/../Figures/0.050.30.05500-2026-01-20-135923/triple.png, id=62, 481.8pt x 361.35pt>
File: docs/../Figures/0.050.30.05500-2026-01-20-135923/triple.png Graphic file (type png)
<use docs/../Figures/0.050.30.05500-2026-01-20-135923/triple.png>
Package pdftex.def Info: docs/../Figures/0.050.30.05500-2026-01-20-135923/triple.png  used on input line 159.
(pdftex.def)             Requested size: 274.00395pt x 205.50298pt.


[4 <./docs/../Figures/0.050.30.05500-2026-01-20-135923/temp-0.050.30.05500-2026-01-20-135923.png> <./docs/../Figures/0.050.30.05500-2026-01-20-135923/eSys-0.050.30.05500-2026-01-20-135923.png> <./docs/../Figures/0.050.30.05500-2026-01-20-135923/eB-0.050.30.05500-2026-01-20-135923.png> <./docs/../Figures/0.050.30.05500-2026-01-20-135923/epk-0.050.30.05500-2026-01-20-135923.png> <./docs/../Figures/0.050.30.05500-2026-01-20-135923/triple.png>]
<docs/../Figures/0.050.30.05500-2026-01-20-143651/temp-0.050.30.05500-2026-01-20-143651.png, id=69, 426.8748pt x 341.8371pt>
File: docs/../Figures/0.050.30.05500-2026-01-20-143651/temp-0.050.30.05500-2026-01-20-143651.png Graphic file (type png)
<use docs/../Figures/0.050.30.05500-2026-01-20-143651/temp-0.050.30.05500-2026-01-20-143651.png>
Package pdftex.def Info: docs/../Figures/0.050.30.05500-2026-01-20-143651/temp-0.050.30.05500-2026-01-20-143651.png  used on input line 167.
(pdftex.def)             Requested size: 140.55646pt x 112.55621pt.


LaTeX Warning: Marginpar on page 5 moved.

<docs/../Figures/0.050.30.05500-2026-01-20-143651/eSys-0.050.30.05500-2026-01-20-143651.png, id=70, 426.8748pt x 341.8371pt>
File: docs/../Figures/0.050.30.05500-2026-01-20-143651/eSys-0.050.30.05500-2026-01-20-143651.png Graphic file (type png)
<use docs/../Figures/0.050.30.05500-2026-01-20-143651/eSys-0.050.30.05500-2026-01-20-143651.png>
Package pdftex.def Info: docs/../Figures/0.050.30.05500-2026-01-20-143651/eSys-0.050.30.05500-2026-01-20-143651.png  used on input line 172.
(pdftex.def)             Requested size: 140.55646pt x 112.55621pt.

LaTeX Warning: Marginpar on page 5 moved.

<docs/../Figures/0.050.30.05500-2026-01-20-143651/eB-0.050.30.05500-2026-01-20-143651.png, id=71, 426.8748pt x 341.8371pt>
File: docs/../Figures/0.050.30.05500-2026-01-20-143651/eB-0.050.30.05500-2026-01-20-143651.png Graphic file (type png)
<use docs/../Figures/0.050.30.05500-2026-01-20-143651/eB-0.050.30.05500-2026-01-20-143651.png>
Package pdftex.def Info: docs/../Figures/0.050.30.05500-2026-01-20-143651/eB-0.050.30.05500-2026-01-20-143651.png  used on input line 177.
(pdftex.def)             Requested size: 140.55646pt x 112.55621pt.

LaTeX Warning: Marginpar on page 5 moved.

<docs/../Figures/0.050.30.05500-2026-01-20-143651/epk-0.050.30.05500-2026-01-20-143651.png, id=72, 426.8748pt x 341.8371pt>
File: docs/../Figures/0.050.30.05500-2026-01-20-143651/epk-0.050.30.05500-2026-01-20-143651.png Graphic file (type png)
<use docs/../Figures/0.050.30.05500-2026-01-20-143651/epk-0.050.30.05500-2026-01-20-143651.png>
Package pdftex.def Info: docs/../Figures/0.050.30.05500-2026-01-20-143651/epk-0.050.30.05500-2026-01-20-143651.png  used on input line 182.
(pdftex.def)             Requested size: 140.55646pt x 112.55621pt.

LaTeX Warning: Marginpar on page 5 moved.

<docs/../Figures/0.050.30.05500-2026-01-20-143651/triple.png, id=73, 481.8pt x 361.35pt>
File: docs/../Figures/0.050.30.05500-2026-01-20-143651/triple.png Graphic file (type png)
<use docs/../Figures/0.050.30.05500-2026-01-20-143651/triple.png>
Package pdftex.def Info: docs/../Figures/0.050.30.05500-2026-01-20-143651/triple.png  used on input line 193.
(pdftex.def)             Requested size: 274.00395pt x 205.50298pt.
<docs/../Figures/0.050.30.05500-2026-01-20-143651/cluster-patch-patch.png, id=74, 426.75435pt x 284.38245pt>
File: docs/../Figures/0.050.30.05500-2026-01-20-143651/cluster-patch-patch.png Graphic file (type png)
<use docs/../Figures/0.050.30.05500-2026-01-20-143651/cluster-patch-patch.png>
Package pdftex.def Info: docs/../Figures/0.050.30.05500-2026-01-20-143651/cluster-patch-patch.png  used on input line 205.
(pdftex.def)             Requested size: 273.99443pt x 182.5856pt.


[5 <./docs/../Figures/0.050.30.05500-2026-01-20-143651/temp-0.050.30.05500-2026-01-20-143651.png> <./docs/../Figures/0.050.30.05500-2026-01-20-143651/eSys-0.050.30.05500-2026-01-20-143651.png> <./docs/../Figures/0.050.30.05500-2026-01-20-143651/eB-0.050.30.05500-2026-01-20-143651.png> <./docs/../Figures/0.050.30.05500-2026-01-20-143651/epk-0.050.30.05500-2026-01-20-143651.png> <./docs/../Figures/0.050.30.05500-2026-01-20-143651/triple.png> <./docs/../Figures/0.050.30.05500-2026-01-20-143651/cluster-patch-patch.png>]
<docs/../Figures/0.050.30.05500-2026-01-20-151755/temp-0.050.30.05500-2026-01-20-151755.png, id=82, 426.8748pt x 341.8371pt>
File: docs/../Figures/0.050.30.05500-2026-01-20-151755/temp-0.050.30.05500-2026-01-20-151755.png Graphic file (type png)
<use docs/../Figures/0.050.30.05500-2026-01-20-151755/temp-0.050.30.05500-2026-01-20-151755.png>
Package pdftex.def Info: docs/../Figures/0.050.30.05500-2026-01-20-151755/temp-0.050.30.05500-2026-01-20-151755.png  used on input line 214.
(pdftex.def)             Requested size: 140.55646pt x 112.55621pt.


LaTeX Warning: Marginpar on page 6 moved.

<docs/../Figures/0.050.30.05500-2026-01-20-151755/eSys-0.050.30.05500-2026-01-20-151755.png, id=83, 426.8748pt x 341.8371pt>
File: docs/../Figures/0.050.30.05500-2026-01-20-151755/eSys-0.050.30.05500-2026-01-20-151755.png Graphic file (type png)
<use docs/../Figures/0.050.30.05500-2026-01-20-151755/eSys-0.050.30.05500-2026-01-20-151755.png>
Package pdftex.def Info: docs/../Figures/0.050.30.05500-2026-01-20-151755/eSys-0.050.30.05500-2026-01-20-151755.png  used on input line 219.
(pdftex.def)             Requested size: 140.55646pt x 112.55621pt.

LaTeX Warning: Marginpar on page 6 moved.

<docs/../Figures/0.050.30.05500-2026-01-20-151755/eB-0.050.30.05500-2026-01-20-151755.png, id=84, 426.8748pt x 341.8371pt>
File: docs/../Figures/0.050.30.05500-2026-01-20-151755/eB-0.050.30.05500-2026-01-20-151755.png Graphic file (type png)
<use docs/../Figures/0.050.30.05500-2026-01-20-151755/eB-0.050.30.05500-2026-01-20-151755.png>
Package pdftex.def Info: docs/../Figures/0.050.30.05500-2026-01-20-151755/eB-0.050.30.05500-2026-01-20-151755.png  used on input line 224.
(pdftex.def)             Requested size: 140.55646pt x 112.55621pt.

LaTeX Warning: Marginpar on page 6 moved.

<docs/../Figures/0.050.30.05500-2026-01-20-151755/epk-0.050.30.05500-2026-01-20-151755.png, id=85, 426.8748pt x 341.8371pt>
File: docs/../Figures/0.050.30.05500-2026-01-20-151755/epk-0.050.30.05500-2026-01-20-151755.png Graphic file (type png)
<use docs/../Figures/0.050.30.05500-2026-01-20-151755/epk-0.050.30.05500-2026-01-20-151755.png>
Package pdftex.def Info: docs/../Figures/0.050.30.05500-2026-01-20-151755/epk-0.050.30.05500-2026-01-20-151755.png  used on input line 229.
(pdftex.def)             Requested size: 140.55646pt x 112.55621pt.

LaTeX Warning: Marginpar on page 6 moved.

<docs/../Figures/0.050.30.05500-2026-01-20-151755/triple.png, id=86, 481.8pt x 361.35pt>
File: docs/../Figures/0.050.30.05500-2026-01-20-151755/triple.png Graphic file (type png)
<use docs/../Figures/0.050.30.05500-2026-01-20-151755/triple.png>
Package pdftex.def Info: docs/../Figures/0.050.30.05500-2026-01-20-151755/triple.png  used on input line 239.
(pdftex.def)             Requested size: 274.00395pt x 205.50298pt.
LaTeX Info: Symbol \textasciiacute not provided by
            font family pplj in TS1 encoding.
            Default family used instead on input line 242.
LaTeX Info: Symbol \textasciiacute not provided by
            font family pplj in TS1 encoding.
            Default family used instead on input line 242.
<docs/../Figures/0.050.30.05500-2026-01-20-151755/cluster-patch-patch.png, id=87, 426.75435pt x 284.38245pt>
File: docs/../Figures/0.050.30.05500-2026-01-20-151755/cluster-patch-patch.png Graphic file (type png)
<use docs/../Figures/0.050.30.05500-2026-01-20-151755/cluster-patch-patch.png>
Package pdftex.def Info: docs/../Figures/0.050.30.05500-2026-01-20-151755/cluster-patch-patch.png  used on input line 246.
(pdftex.def)             Requested size: 273.99443pt x 182.5856pt.


[6{/usr/share/texmf-dist/fonts/enc/dvips/cm-super/cm-super-ts1.enc} <./docs/../Figures/0.050.30.05500-2026-01-20-151755/temp-0.050.30.05500-2026-01-20-151755.png> <./docs/../Figures/0.050.30.05500-2026-01-20-151755/eSys-0.050.30.05500-2026-01-20-151755.png> <./docs/../Figures/0.050.30.05500-2026-01-20-151755/eB-0.050.30.05500-2026-01-20-151755.png> <./docs/../Figures/0.050.30.05500-2026-01-20-151755/epk-0.050.30.05500-2026-01-20-151755.png> <./docs/../Figures/0.050.30.05500-2026-01-20-151755/triple.png> <./docs/../Figures/0.050.30.05500-2026-01-20-151755/cluster-patch-patch.png>]
<docs/../Figures/0.050.30.05500-2026-01-21-133721/temp-0.050.30.05500-2026-01-21-133721.png, id=96, 426.8748pt x 341.8371pt>
File: docs/../Figures/0.050.30.05500-2026-01-21-133721/temp-0.050.30.05500-2026-01-21-133721.png Graphic file (type png)
<use docs/../Figures/0.050.30.05500-2026-01-21-133721/temp-0.050.30.05500-2026-01-21-133721.png>
Package pdftex.def Info: docs/../Figures/0.050.30.05500-2026-01-21-133721/temp-0.050.30.05500-2026-01-21-133721.png  used on input line 256.
(pdftex.def)             Requested size: 140.55646pt x 112.55621pt.


LaTeX Warning: Marginpar on page 7 moved.

<docs/../Figures/0.050.30.05500-2026-01-21-133721/eSys-0.050.30.05500-2026-01-21-133721.png, id=97, 426.8748pt x 341.8371pt>
File: docs/../Figures/0.050.30.05500-2026-01-21-133721/eSys-0.050.30.05500-2026-01-21-133721.png Graphic file (type png)
<use docs/../Figures/0.050.30.05500-2026-01-21-133721/eSys-0.050.30.05500-2026-01-21-133721.png>
Package pdftex.def Info: docs/../Figures/0.050.30.05500-2026-01-21-133721/eSys-0.050.30.05500-2026-01-21-133721.png  used on input line 261.
(pdftex.def)             Requested size: 140.55646pt x 112.55621pt.

LaTeX Warning: Marginpar on page 7 moved.

<docs/../Figures/0.050.30.05500-2026-01-21-133721/ePair-0.050.30.05500-2026-01-21-133721.png, id=98, 426.8748pt x 341.8371pt>
File: docs/../Figures/0.050.30.05500-2026-01-21-133721/ePair-0.050.30.05500-2026-01-21-133721.png Graphic file (type png)
<use docs/../Figures/0.050.30.05500-2026-01-21-133721/ePair-0.050.30.05500-2026-01-21-133721.png>
Package pdftex.def Info: docs/../Figures/0.050.30.05500-2026-01-21-133721/ePair-0.050.30.05500-2026-01-21-133721.png  used on input line 266.
(pdftex.def)             Requested size: 140.55646pt x 112.55621pt.

LaTeX Warning: Marginpar on page 7 moved.

<docs/../Figures/0.050.30.05500-2026-01-21-133721/epk-0.050.30.05500-2026-01-21-133721.png, id=99, 426.8748pt x 341.8371pt>
File: docs/../Figures/0.050.30.05500-2026-01-21-133721/epk-0.050.30.05500-2026-01-21-133721.png Graphic file (type png)
<use docs/../Figures/0.050.30.05500-2026-01-21-133721/epk-0.050.30.05500-2026-01-21-133721.png>
Package pdftex.def Info: docs/../Figures/0.050.30.05500-2026-01-21-133721/epk-0.050.30.05500-2026-01-21-133721.png  used on input line 271.
(pdftex.def)             Requested size: 140.55646pt x 112.55621pt.

LaTeX Warning: Marginpar on page 7 moved.

LaTeX Info: Symbol \textasciiacute not provided by
            font family pplj in TS1 encoding.
            Default family used instead on input line 277.
LaTeX Info: Symbol \textasciiacute not provided by
            font family pplj in TS1 encoding.
            Default family used instead on input line 277.
<docs/../Figures/0.050.30.05500-2026-01-21-133721/triple.png, id=100, 481.8pt x 361.35pt>
File: docs/../Figures/0.050.30.05500-2026-01-21-133721/triple.png Graphic file (type png)
<use docs/../Figures/0.050.30.05500-2026-01-21-133721/triple.png>
Package pdftex.def Info: docs/../Figures/0.050.30.05500-2026-01-21-133721/triple.png  used on input line 280.
(pdftex.def)             Requested size: 274.00395pt x 205.50298pt.
<docs/../Figures/0.050.30.05500-2026-01-21-133721/cluster-patch-patch.png, id=101, 426.75435pt x 284.38245pt>
File: docs/../Figures/0.050.30.05500-2026-01-21-133721/cluster-patch-patch.png Graphic file (type png)
<use docs/../Figures/0.050.30.05500-2026-01-21-133721/cluster-patch-patch.png>
Package pdftex.def Info: docs/../Figures/0.050.30.05500-2026-01-21-133721/cluster-patch-patch.png  used on input line 285.
(pdftex.def)             Requested size: 273.99443pt x 182.5856pt.


[7 <./docs/../Figures/0.050.30.05500-2026-01-21-133721/temp-0.050.30.05500-2026-01-21-133721.png> <./docs/../Figures/0.050.30.05500-2026-01-21-133721/eSys-0.050.30.05500-2026-01-21-133721.png> <./docs/../Figures/0.050.30.05500-2026-01-21-133721/ePair-0.050.30.05500-2026-01-21-133721.png> <./docs/../Figures/0.050.30.05500-2026-01-21-133721/epk-0.050.30.05500-2026-01-21-133721.png> <./docs/../Figures/0.050.30.05500-2026-01-21-133721/triple.png> <./docs/../Figures/0.050.30.05500-2026-01-21-133721/cluster-patch-patch.png>]
<docs/../Figures/0.050.30.05500-2026-01-21-161335/temp-0.050.30.05500-2026-01-21-161335.png, id=110, 426.8748pt x 341.8371pt>
File: docs/../Figures/0.050.30.05500-2026-01-21-161335/temp-0.050.30.05500-2026-01-21-161335.png Graphic file (type png)
<use docs/../Figures/0.050.30.05500-2026-01-21-161335/temp-0.050.30.05500-2026-01-21-161335.png>
Package pdftex.def Info: docs/../Figures/0.050.30.05500-2026-01-21-161335/temp-0.050.30.05500-2026-01-21-161335.png  used on input line 296.
(pdftex.def)             Requested size: 140.55646pt x 112.55621pt.


LaTeX Warning: Marginpar on page 8 moved.

<docs/../Figures/0.050.30.05500-2026-01-21-161335/eSys-0.050.30.05500-2026-01-21-161335.png, id=111, 426.8748pt x 341.8371pt>
File: docs/../Figures/0.050.30.05500-2026-01-21-161335/eSys-0.050.30.05500-2026-01-21-161335.png Graphic file (type png)
<use docs/../Figures/0.050.30.05500-2026-01-21-161335/eSys-0.050.30.05500-2026-01-21-161335.png>
Package pdftex.def Info: docs/../Figures/0.050.30.05500-2026-01-21-161335/eSys-0.050.30.05500-2026-01-21-161335.png  used on input line 301.
(pdftex.def)             Requested size: 140.55646pt x 112.55621pt.

LaTeX Warning: Marginpar on page 8 moved.

<docs/../Figures/0.050.30.05500-2026-01-21-161335/ePair-0.050.30.05500-2026-01-21-161335.png, id=112, 426.8748pt x 341.8371pt>
File: docs/../Figures/0.050.30.05500-2026-01-21-161335/ePair-0.050.30.05500-2026-01-21-161335.png Graphic file (type png)
<use docs/../Figures/0.050.30.05500-2026-01-21-161335/ePair-0.050.30.05500-2026-01-21-161335.png>
Package pdftex.def Info: docs/../Figures/0.050.30.05500-2026-01-21-161335/ePair-0.050.30.05500-2026-01-21-161335.png  used on input line 306.
(pdftex.def)             Requested size: 140.55646pt x 112.55621pt.

LaTeX Warning: Marginpar on page 8 moved.

<docs/../Figures/0.050.30.05500-2026-01-21-161335/epk-0.050.30.05500-2026-01-21-161335.png, id=113, 426.8748pt x 341.8371pt>
File: docs/../Figures/0.050.30.05500-2026-01-21-161335/epk-0.050.30.05500-2026-01-21-161335.png Graphic file (type png)
<use docs/../Figures/0.050.30.05500-2026-01-21-161335/epk-0.050.30.05500-2026-01-21-161335.png>
Package pdftex.def Info: docs/../Figures/0.050.30.05500-2026-01-21-161335/epk-0.050.30.05500-2026-01-21-161335.png  used on input line 311.
(pdftex.def)             Requested size: 140.55646pt x 112.55621pt.

LaTeX Warning: Marginpar on page 8 moved.

<docs/../Figures/0.050.30.05500-2026-01-21-161335/cluster-patch-patch.png, id=114, 426.75435pt x 284.38245pt>
File: docs/../Figures/0.050.30.05500-2026-01-21-161335/cluster-patch-patch.png Graphic file (type png)
<use docs/../Figures/0.050.30.05500-2026-01-21-161335/cluster-patch-patch.png>
Package pdftex.def Info: docs/../Figures/0.050.30.05500-2026-01-21-161335/cluster-patch-patch.png  used on input line 318.
(pdftex.def)             Requested size: 273.99443pt x 182.5856pt.


[8 <./docs/../Figures/0.050.30.05500-2026-01-21-161335/temp-0.050.30.05500-2026-01-21-161335.png> <./docs/../Figures/0.050.30.05500-2026-01-21-161335/eSys-0.050.30.05500-2026-01-21-161335.png> <./docs/../Figures/0.050.30.05500-2026-01-21-161335/ePair-0.050.30.05500-2026-01-21-161335.png> <./docs/../Figures/0.050.30.05500-2026-01-21-161335/epk-0.050.30.05500-2026-01-21-161335.png> <./docs/../Figures/0.050.30.05500-2026-01-21-161335/cluster-patch-patch.png>]
Underfull \hbox (badness 10000) in paragraph at lines 328--328
[]\T1/pplj/b/n/10 Parmetros \T1/pplj/b/it/10 im-por-tantes \T1/pplj/b/n/10 de la
 []

<docs/../Figures/0.050.30.05500-2026-01-22-154929/temp-0.050.30.05500-2026-01-22-154929.png, id=121, 426.8748pt x 341.8371pt>
File: docs/../Figures/0.050.30.05500-2026-01-22-154929/temp-0.050.30.05500-2026-01-22-154929.png Graphic file (type png)
<use docs/../Figures/0.050.30.05500-2026-01-22-154929/temp-0.050.30.05500-2026-01-22-154929.png>
Package pdftex.def Info: docs/../Figures/0.050.30.05500-2026-01-22-154929/temp-0.050.30.05500-2026-01-22-154929.png  used on input line 333.
(pdftex.def)             Requested size: 140.55646pt x 112.55621pt.

LaTeX Warning: Marginpar on page 9 moved.

<docs/../Figures/0.050.30.05500-2026-01-22-154929/eSys-0.050.30.05500-2026-01-22-154929.png, id=122, 426.8748pt x 341.8371pt>
File: docs/../Figures/0.050.30.05500-2026-01-22-154929/eSys-0.050.30.05500-2026-01-22-154929.png Graphic file (type png)
<use docs/../Figures/0.050.30.05500-2026-01-22-154929/eSys-0.050.30.05500-2026-01-22-154929.png>
Package pdftex.def Info: docs/../Figures/0.050.30.05500-2026-01-22-154929/eSys-0.050.30.05500-2026-01-22-154929.png  used on input line 338.
(pdftex.def)             Requested size: 140.55646pt x 112.55621pt.

LaTeX Warning: Marginpar on page 9 moved.

<docs/../Figures/0.050.30.05500-2026-01-22-154929/ePair-0.050.30.05500-2026-01-22-154929.png, id=123, 426.8748pt x 341.8371pt>
File: docs/../Figures/0.050.30.05500-2026-01-22-154929/ePair-0.050.30.05500-2026-01-22-154929.png Graphic file (type png)
<use docs/../Figures/0.050.30.05500-2026-01-22-154929/ePair-0.050.30.05500-2026-01-22-154929.png>
Package pdftex.def Info: docs/../Figures/0.050.30.05500-2026-01-22-154929/ePair-0.050.30.05500-2026-01-22-154929.png  used on input line 343.
(pdftex.def)             Requested size: 140.55646pt x 112.55621pt.

LaTeX Warning: Marginpar on page 9 moved.

<docs/../Figures/0.050.30.05500-2026-01-22-154929/epk-0.050.30.05500-2026-01-22-154929.png, id=124, 426.8748pt x 341.8371pt>
File: docs/../Figures/0.050.30.05500-2026-01-22-154929/epk-0.050.30.05500-2026-01-22-154929.png Graphic file (type png)
<use docs/../Figures/0.050.30.05500-2026-01-22-154929/epk-0.050.30.05500-2026-01-22-154929.png>
Package pdftex.def Info: docs/../Figures/0.050.30.05500-2026-01-22-154929/epk-0.050.30.05500-2026-01-22-154929.png  used on input line 348.
(pdftex.def)             Requested size: 140.55646pt x 112.55621pt.

LaTeX Warning: Marginpar on page 9 moved.

<docs/../Figures/0.050.30.05500-2026-01-22-154929/cluster-patch-patch.png, id=125, 426.75435pt x 284.38245pt>
File: docs/../Figures/0.050.30.05500-2026-01-22-154929/cluster-patch-patch.png Graphic file (type png)
<use docs/../Figures/0.050.30.05500-2026-01-22-154929/cluster-patch-patch.png>
Package pdftex.def Info: docs/../Figures/0.050.30.05500-2026-01-22-154929/cluster-patch-patch.png  used on input line 355.
(pdftex.def)             Requested size: 273.99443pt x 182.5856pt.


[9 <./docs/../Figures/0.050.30.05500-2026-01-22-154929/temp-0.050.30.05500-2026-01-22-154929.png> <./docs/../Figures/0.050.30.05500-2026-01-22-154929/eSys-0.050.30.05500-2026-01-22-154929.png> <./docs/../Figures/0.050.30.05500-2026-01-22-154929/ePair-0.050.30.05500-2026-01-22-154929.png> <./docs/../Figures/0.050.30.05500-2026-01-22-154929/epk-0.050.30.05500-2026-01-22-154929.png> <./docs/../Figures/0.050.30.05500-2026-01-22-154929/cluster-patch-patch.png>]

[10]
<docs/../Figures/0.050.30.05500-2026-01-22-163251/temp-0.050.30.05500-2026-01-22-163251.png, id=137, 426.8748pt x 341.8371pt>
File: docs/../Figures/0.050.30.05500-2026-01-22-163251/temp-0.050.30.05500-2026-01-22-163251.png Graphic file (type png)
<use docs/../Figures/0.050.30.05500-2026-01-22-163251/temp-0.050.30.05500-2026-01-22-163251.png>
Package pdftex.def Info: docs/../Figures/0.050.30.05500-2026-01-22-163251/temp-0.050.30.05500-2026-01-22-163251.png  used on input line 416.
(pdftex.def)             Requested size: 140.55646pt x 112.55621pt.


LaTeX Warning: Marginpar on page 11 moved.

<docs/../Figures/0.050.30.05500-2026-01-22-163251/eSys-0.050.30.05500-2026-01-22-163251.png, id=138, 426.8748pt x 341.8371pt>
File: docs/../Figures/0.050.30.05500-2026-01-22-163251/eSys-0.050.30.05500-2026-01-22-163251.png Graphic file (type png)
<use docs/../Figures/0.050.30.05500-2026-01-22-163251/eSys-0.050.30.05500-2026-01-22-163251.png>
Package pdftex.def Info: docs/../Figures/0.050.30.05500-2026-01-22-163251/eSys-0.050.30.05500-2026-01-22-163251.png  used on input line 421.
(pdftex.def)             Requested size: 140.55646pt x 112.55621pt.

LaTeX Warning: Marginpar on page 11 moved.

<docs/../Figures/0.050.30.05500-2026-01-22-163251/ePair-0.050.30.05500-2026-01-22-163251.png, id=139, 426.8748pt x 341.8371pt>
File: docs/../Figures/0.050.30.05500-2026-01-22-163251/ePair-0.050.30.05500-2026-01-22-163251.png Graphic file (type png)
<use docs/../Figures/0.050.30.05500-2026-01-22-163251/ePair-0.050.30.05500-2026-01-22-163251.png>
Package pdftex.def Info: docs/../Figures/0.050.30.05500-2026-01-22-163251/ePair-0.050.30.05500-2026-01-22-163251.png  used on input line 426.
(pdftex.def)             Requested size: 140.55646pt x 112.55621pt.

LaTeX Warning: Marginpar on page 11 moved.

<docs/../Figures/0.050.30.05500-2026-01-22-163251/epk-0.050.30.05500-2026-01-22-163251.png, id=140, 426.8748pt x 341.8371pt>
File: docs/../Figures/0.050.30.05500-2026-01-22-163251/epk-0.050.30.05500-2026-01-22-163251.png Graphic file (type png)
<use docs/../Figures/0.050.30.05500-2026-01-22-163251/epk-0.050.30.05500-2026-01-22-163251.png>
Package pdftex.def Info: docs/../Figures/0.050.30.05500-2026-01-22-163251/epk-0.050.30.05500-2026-01-22-163251.png  used on input line 431.
(pdftex.def)             Requested size: 140.55646pt x 112.55621pt.

LaTeX Warning: Marginpar on page 11 moved.

<docs/../Figures/0.050.30.05500-2026-01-22-163251/cluster-patch-patch.png, id=141, 426.75435pt x 284.38245pt>
File: docs/../Figures/0.050.30.05500-2026-01-22-163251/cluster-patch-patch.png Graphic file (type png)
<use docs/../Figures/0.050.30.05500-2026-01-22-163251/cluster-patch-patch.png>
Package pdftex.def Info: docs/../Figures/0.050.30.05500-2026-01-22-163251/cluster-patch-patch.png  used on input line 446.
(pdftex.def)             Requested size: 273.99443pt x 182.5856pt.
)

Package bibentry Warning: You have used \nobibliography* 
(bibentry)                without a following \bibliography.
(bibentry)                You may not be able to run BibTeX.



[11 <./docs/../Figures/0.050.30.05500-2026-01-22-163251/temp-0.050.30.05500-2026-01-22-163251.png> <./docs/../Figures/0.050.30.05500-2026-01-22-163251/eSys-0.050.30.05500-2026-01-22-163251.png> <./docs/../Figures/0.050.30.05500-2026-01-22-163251/ePair-0.050.30.05500-2026-01-22-163251.png> <./docs/../Figures/0.050.30.05500-2026-01-22-163251/epk-0.050.30.05500-2026-01-22-163251.png> <./docs/../Figures/0.050.30.05500-2026-01-22-163251/cluster-patch-patch.png>] (./main.aux)
 ***********
LaTeX2e <2024-11-01> patch level 2
L3 programming layer <2025-01-18>
 ***********
Package rerunfilecheck Info: File `main.out' has not changed.
(rerunfilecheck)             Checksum: 4B3E730E9535A74F4DD42CAB71B3E383;898.
 ) 
Here is how much of TeX's memory you used:
 21315 strings out of 475171
 420084 string characters out of 5767095
 782199 words of memory out of 5000000
 43849 multiletter control sequences out of 15000+600000
 623248 words of font info for 134 fonts, out of 8000000 for 9000
 14 hyphenation exceptions out of 8191
 97i,11n,96p,541b,1228s stack positions out of 10000i,1000n,20000p,200000b,200000s
</usr/share/texmf-dist/fonts/type1/public/amsfonts/cm/cmr10.pfb></usr/share/texmf-dist/fonts/type1/public/amsfonts/cm/cmsy10.pfb></usr/share/texmf-dist/fonts/type1/public/fpl/fplrc8a.pfb></usr/share/texmf-dist/fonts/type1/public/fpl/fplrij8a.pfb></usr/share/texmf-dist/fonts/type1/public/bera/fvmr8a.pfb></usr/share/texmf-dist/fonts/type1/public/cm-super/sfrm1000.pfb></usr/share/texmf-dist/fonts/type1/urw/palatino/uplb8a.pfb></usr/share/texmf-dist/fonts/type1/urw/palatino/uplbi8a.pfb></usr/share/texmf-dist/fonts/type1/urw/palatino/uplr8a.pfb></usr/share/texmf-dist/fonts/type1/urw/palatino/uplri8a.pfb>
Output written on main.pdf (11 pages, 6444069 bytes).
PDF statistics:
 200 PDF objects out of 1000 (max. 8388607)
 103 compressed objects within 2 object streams
 24 named destinations out of 1000 (max. 500000)
 1302 words of extra memory for PDF output out of 10000 (max. 10000000)

